<?xml version="1.0" encoding="UTF-8"?>
<testng-results skipped="0" failed="0" ignored="0" total="0" passed="0">
  <reporter-output>
  </reporter-output>
  <suite name="All Test Suite" duration-ms="30" started-at="2021-08-23T18:40:42 IST" finished-at="2021-08-23T18:40:42 IST">
    <groups>
    </groups>
    <test name="My Test" duration-ms="30" started-at="2021-08-23T18:40:42 IST" finished-at="2021-08-23T18:40:42 IST">
    </test> <!-- My Test -->
  </suite> <!-- All Test Suite -->
</testng-results>
